<?xml version="1.0" encoding="utf-8"?><testsuites name="pytest tests"><testsuite name="pytest" errors="0" failures="0" skipped="0" tests="24" time="4.843" timestamp="2026-03-08T17:32:35.482681+00:00" hostname="agent-env-932c090f-224f-4e33-a63d-c8c3ac2d9708"><testcase classname="backend.tests.test_new_features.TestFavoritesAPI" name="test_get_favorites_requires_auth" time="0.163" /><testcase classname="backend.tests.test_new_features.TestFavoritesAPI" name="test_add_favorite" time="0.758" /><testcase classname="backend.tests.test_new_features.TestFavoritesAPI" name="test_get_favorites" time="0.125" /><testcase classname="backend.tests.test_new_features.TestFavoritesAPI" name="test_check_favorite" time="0.101" /><testcase classname="backend.tests.test_new_features.TestFavoritesAPI" name="test_remove_favorite" time="0.211" /><testcase classname="backend.tests.test_new_features.TestFavoritesAPI" name="test_add_favorite_invalid_product" time="0.117" /><testcase classname="backend.tests.test_new_features.TestStoreReviewsAPI" name="test_get_store_reviews" time="0.286" /><testcase classname="backend.tests.test_new_features.TestStoreReviewsAPI" name="test_create_store_review_requires_auth" time="0.161" /><testcase classname="backend.tests.test_new_features.TestStoreReviewsAPI" name="test_create_store_review" time="0.117" /><testcase classname="backend.tests.test_new_features.TestStoreReviewsAPI" name="test_store_review_validates_rating" time="0.156" /><testcase classname="backend.tests.test_new_features.TestOrdersAPI" name="test_create_order_requires_auth" time="0.106" /><testcase classname="backend.tests.test_new_features.TestOrdersAPI" name="test_create_order_empty_cart" time="0.201" /><testcase classname="backend.tests.test_new_features.TestOrdersAPI" name="test_create_order_with_pickup" time="0.233" /><testcase classname="backend.tests.test_new_features.TestOrdersAPI" name="test_create_order_with_delivery" time="0.215" /><testcase classname="backend.tests.test_new_features.TestOrdersAPI" name="test_get_user_orders" time="0.116" /><testcase classname="backend.tests.test_new_features.TestBackofficeOrdersAPI" name="test_get_backoffice_orders_requires_store_role" time="0.108" /><testcase classname="backend.tests.test_new_features.TestBackofficeOrdersAPI" name="test_get_backoffice_orders" time="0.438" /><testcase classname="backend.tests.test_new_features.TestBackofficeOrdersAPI" name="test_update_order_status" time="0.239" /><testcase classname="backend.tests.test_new_features.TestRouteSearchAPI" name="test_route_search_basic" time="0.118" /><testcase classname="backend.tests.test_new_features.TestRouteSearchAPI" name="test_route_search_with_results" time="0.103" /><testcase classname="backend.tests.test_new_features.TestRouteSearchAPI" name="test_route_search_no_results" time="0.119" /><testcase classname="backend.tests.test_new_features.TestCartDeliveryOptions" name="test_cart_structure" time="0.302" /><testcase classname="backend.tests.test_new_features.TestNotifications" name="test_get_notifications_requires_auth" time="0.107" /><testcase classname="backend.tests.test_new_features.TestNotifications" name="test_get_merchant_notifications" time="0.107" /></testsuite></testsuites>