<?xml version="1.0" encoding="utf-8"?><testsuites name="pytest tests"><testsuite name="pytest" errors="0" failures="0" skipped="0" tests="18" time="4.932" timestamp="2026-03-08T16:46:10.366268+00:00" hostname="agent-env-932c090f-224f-4e33-a63d-c8c3ac2d9708"><testcase classname="backend.tests.test_locafy_api.TestHealth" name="test_api_available" time="0.154" /><testcase classname="backend.tests.test_locafy_api.TestAuth" name="test_merchant_login_success" time="0.352" /><testcase classname="backend.tests.test_locafy_api.TestAuth" name="test_login_invalid_credentials" time="0.110" /><testcase classname="backend.tests.test_locafy_api.TestAuth" name="test_register_new_user" time="0.345" /><testcase classname="backend.tests.test_locafy_api.TestStores" name="test_get_stores" time="0.110" /><testcase classname="backend.tests.test_locafy_api.TestStores" name="test_get_store_by_id" time="0.253" /><testcase classname="backend.tests.test_locafy_api.TestProducts" name="test_get_all_products" time="0.113" /><testcase classname="backend.tests.test_locafy_api.TestProducts" name="test_get_promoted_products" time="0.165" /><testcase classname="backend.tests.test_locafy_api.TestProducts" name="test_get_product_by_id" time="0.238" /><testcase classname="backend.tests.test_locafy_api.TestProductReviews" name="test_get_reviews_for_product" time="0.244" /><testcase classname="backend.tests.test_locafy_api.TestProductReviews" name="test_create_review_requires_auth" time="0.207" /><testcase classname="backend.tests.test_locafy_api.TestProductReviews" name="test_create_review_with_auth" time="0.576" /><testcase classname="backend.tests.test_locafy_api.TestRelatedProducts" name="test_get_related_products" time="0.215" /><testcase classname="backend.tests.test_locafy_api.TestPromotions" name="test_get_promotions" time="0.104" /><testcase classname="backend.tests.test_locafy_api.TestCart" name="test_get_cart_requires_auth" time="0.100" /><testcase classname="backend.tests.test_locafy_api.TestCart" name="test_add_to_cart" time="0.648" /><testcase classname="backend.tests.test_locafy_api.TestBackoffice" name="test_get_backoffice_stats" time="0.429" /><testcase classname="backend.tests.test_locafy_api.TestBackoffice" name="test_get_backoffice_products" time="0.448" /></testsuite></testsuites>